nohup: ignoring input
[Broadcaster] Server live at http://0.0.0.0:3006
[Broadcaster] Round 101 Started. Target multiplier: 1
[Broadcaster] Round 101 CRASHED at 1.00
[Broadcaster] Round 102 Started. Target multiplier: 4.28
[Broadcaster] New connection: 64_xdqyD13dZVF9cAAAB
[Broadcaster] Round 102 CRASHED at 4.28
[Broadcaster] Round 103 Started. Target multiplier: 1.03
[Broadcaster] Round 103 CRASHED at 1.03
[Broadcaster] Round 104 Started. Target multiplier: 2.69
[Broadcaster] Round 104 CRASHED at 2.69
[Broadcaster] Round 105 Started. Target multiplier: 2.37
[Broadcaster] Round 105 CRASHED at 2.37
[Broadcaster] Round 106 Started. Target multiplier: 1.21
[Broadcaster] Round 106 CRASHED at 1.21
[Broadcaster] Round 107 Started. Target multiplier: 1.69
[Broadcaster] Round 107 CRASHED at 1.69
[Broadcaster] Round 108 Started. Target multiplier: 1.32
[Broadcaster] Round 108 CRASHED at 1.32
[Broadcaster] Round 109 Started. Target multiplier: 1
[Broadcaster] Round 109 CRASHED at 1.00
[Broadcaster] Round 110 Started. Target multiplier: 3.87
[Broadcaster] Round 110 CRASHED at 3.87
[Broadcaster] Round 111 Started. Target multiplier: 2.2
[Broadcaster] Round 111 CRASHED at 2.20
[Broadcaster] Round 112 Started. Target multiplier: 1.06
[Broadcaster] Round 112 CRASHED at 1.06
[Broadcaster] Round 113 Started. Target multiplier: 1.81
[Broadcaster] Round 113 CRASHED at 1.81
[Broadcaster] Round 114 Started. Target multiplier: 3.65
[Broadcaster] Round 114 CRASHED at 3.65
[Broadcaster] Round 115 Started. Target multiplier: 1.07
[Broadcaster] Round 115 CRASHED at 1.07
[Broadcaster] Round 116 Started. Target multiplier: 3.48
[Broadcaster] Round 116 CRASHED at 3.48
[Broadcaster] Round 117 Started. Target multiplier: 3.56
[Broadcaster] Round 117 CRASHED at 3.56
[Broadcaster] Round 118 Started. Target multiplier: 1.04
[Broadcaster] Round 118 CRASHED at 1.04
[Broadcaster] Round 119 Started. Target multiplier: 2.46
[Broadcaster] Round 119 CRASHED at 2.46
[Broadcaster] Round 120 Started. Target multiplier: 4.59
[Broadcaster] Round 120 CRASHED at 4.59
[Broadcaster] Round 121 Started. Target multiplier: 3.16
[Broadcaster] Round 121 CRASHED at 3.16
[Broadcaster] Round 122 Started. Target multiplier: 12.11
[Broadcaster] Round 122 CRASHED at 12.11
[Broadcaster] Round 123 Started. Target multiplier: 1.08
[Broadcaster] Round 123 CRASHED at 1.08
[Broadcaster] Round 124 Started. Target multiplier: 9.29
[Broadcaster] Round 124 CRASHED at 9.29
[Broadcaster] Round 125 Started. Target multiplier: 1
[Broadcaster] Round 125 CRASHED at 1.00
[Broadcaster] Round 126 Started. Target multiplier: 1.68
[Broadcaster] Round 126 CRASHED at 1.68
[Broadcaster] Round 127 Started. Target multiplier: 2.19
[Broadcaster] Round 127 CRASHED at 2.19
[Broadcaster] Round 128 Started. Target multiplier: 9.29
[Broadcaster] Round 128 CRASHED at 9.29
[Broadcaster] Round 129 Started. Target multiplier: 1.37
[Broadcaster] Round 129 CRASHED at 1.37
[Broadcaster] Round 130 Started. Target multiplier: 1.35
[Broadcaster] Round 130 CRASHED at 1.35
[Broadcaster] Round 131 Started. Target multiplier: 1.01
[Broadcaster] Round 131 CRASHED at 1.01
[Broadcaster] Round 132 Started. Target multiplier: 9.81
[Broadcaster] Client disconnected: 64_xdqyD13dZVF9cAAAB
[Broadcaster] New connection: GEDAY8flfw2zEr3RAAAD
[Broadcaster] Client disconnected: GEDAY8flfw2zEr3RAAAD
[Broadcaster] New connection: 1djKCSLEJw_rvfIrAAAF
[Broadcaster] Round 132 CRASHED at 9.81
[Broadcaster] Round 133 Started. Target multiplier: 3.37
[Broadcaster] Round 133 CRASHED at 3.37
[Broadcaster] Round 134 Started. Target multiplier: 2.44
[Broadcaster] Round 134 CRASHED at 2.44
[Broadcaster] Round 135 Started. Target multiplier: 5.17
[Broadcaster] Round 135 CRASHED at 5.17
[Broadcaster] Round 136 Started. Target multiplier: 1.74
[Broadcaster] Round 136 CRASHED at 1.74
[Broadcaster] Round 137 Started. Target multiplier: 1.91
[Broadcaster] Round 137 CRASHED at 1.91
[Broadcaster] Round 138 Started. Target multiplier: 6.23
[Broadcaster] Round 138 CRASHED at 6.23
[Broadcaster] Round 139 Started. Target multiplier: 1.04
[Broadcaster] Round 139 CRASHED at 1.04
[Broadcaster] Round 140 Started. Target multiplier: 1
[Broadcaster] Round 140 CRASHED at 1.00
[Broadcaster] Round 141 Started. Target multiplier: 1.23
[Broadcaster] Round 141 CRASHED at 1.23
[Broadcaster] Round 142 Started. Target multiplier: 2.22
[Broadcaster] Round 142 CRASHED at 2.22
[Broadcaster] Round 143 Started. Target multiplier: 1.83
[Broadcaster] Round 143 CRASHED at 1.83
[Broadcaster] Round 144 Started. Target multiplier: 7.19
[Broadcaster] Round 144 CRASHED at 7.19
[Broadcaster] Round 145 Started. Target multiplier: 4.55
[Broadcaster] Round 145 CRASHED at 4.55
[Broadcaster] Round 146 Started. Target multiplier: 1.51
[Broadcaster] Round 146 CRASHED at 1.51
[Broadcaster] Round 147 Started. Target multiplier: 1.93
[Broadcaster] Round 147 CRASHED at 1.93
[Broadcaster] Round 148 Started. Target multiplier: 1.01
[Broadcaster] Round 148 CRASHED at 1.01
[Broadcaster] Round 149 Started. Target multiplier: 2.65
[Broadcaster] Round 149 CRASHED at 2.65
[Broadcaster] Round 150 Started. Target multiplier: 8.16
[Broadcaster] Round 150 CRASHED at 8.16
[Broadcaster] Round 151 Started. Target multiplier: 1.58
[Broadcaster] Round 151 CRASHED at 1.58
[Broadcaster] Round 152 Started. Target multiplier: 1.36
[Broadcaster] Round 152 CRASHED at 1.36
[Broadcaster] Round 153 Started. Target multiplier: 3.36
[Broadcaster] Round 153 CRASHED at 3.36
[Broadcaster] Round 154 Started. Target multiplier: 1.18
[Broadcaster] Round 154 CRASHED at 1.18
[Broadcaster] Round 155 Started. Target multiplier: 1.28
[Broadcaster] Round 155 CRASHED at 1.28
[Broadcaster] Round 156 Started. Target multiplier: 2.62
[Broadcaster] Round 156 CRASHED at 2.62
[Broadcaster] Round 157 Started. Target multiplier: 1.57
[Broadcaster] Round 157 CRASHED at 1.57
[Broadcaster] Round 158 Started. Target multiplier: 289.74
[Broadcaster] Round 158 CRASHED at 289.74
[Broadcaster] Round 159 Started. Target multiplier: 2.75
[Broadcaster] Round 159 CRASHED at 2.75
[Broadcaster] Round 160 Started. Target multiplier: 1.3
[Broadcaster] Round 160 CRASHED at 1.30
[Broadcaster] Round 161 Started. Target multiplier: 1.43
[Broadcaster] Round 161 CRASHED at 1.43
[Broadcaster] Round 162 Started. Target multiplier: 1
[Broadcaster] Round 162 CRASHED at 1.00
[Broadcaster] Round 163 Started. Target multiplier: 2.87
[Broadcaster] Round 163 CRASHED at 2.87
[Broadcaster] Round 164 Started. Target multiplier: 7.14
[Broadcaster] Round 164 CRASHED at 7.14
[Broadcaster] Round 165 Started. Target multiplier: 1.23
[Broadcaster] Round 165 CRASHED at 1.23
[Broadcaster] Round 166 Started. Target multiplier: 1.05
[Broadcaster] Round 166 CRASHED at 1.05
[Broadcaster] Round 167 Started. Target multiplier: 1.6
[Broadcaster] Round 167 CRASHED at 1.60
[Broadcaster] Round 168 Started. Target multiplier: 1.38
[Broadcaster] Round 168 CRASHED at 1.38
[Broadcaster] Round 169 Started. Target multiplier: 1.79
[Broadcaster] Round 169 CRASHED at 1.79
[Broadcaster] Round 170 Started. Target multiplier: 1.74
[Broadcaster] Round 170 CRASHED at 1.74
[Broadcaster] Round 171 Started. Target multiplier: 1.43
[Broadcaster] Round 171 CRASHED at 1.43
[Broadcaster] Round 172 Started. Target multiplier: 3.55
[Broadcaster] Round 172 CRASHED at 3.55
[Broadcaster] Round 173 Started. Target multiplier: 3.02
[Broadcaster] Round 173 CRASHED at 3.02
[Broadcaster] Round 174 Started. Target multiplier: 5.29
[Broadcaster] Round 174 CRASHED at 5.29
[Broadcaster] Round 175 Started. Target multiplier: 1.52
[Broadcaster] Round 175 CRASHED at 1.52
[Broadcaster] Round 176 Started. Target multiplier: 5.5
[Broadcaster] Round 176 CRASHED at 5.50
[Broadcaster] Round 177 Started. Target multiplier: 5.59
[Broadcaster] Round 177 CRASHED at 5.59
[Broadcaster] Round 178 Started. Target multiplier: 1.89
[Broadcaster] Round 178 CRASHED at 1.89
[Broadcaster] Round 179 Started. Target multiplier: 3.84
[Broadcaster] Round 179 CRASHED at 3.84
[Broadcaster] Round 180 Started. Target multiplier: 2
[Broadcaster] Round 180 CRASHED at 2.00
[Broadcaster] Round 181 Started. Target multiplier: 3.57
[Broadcaster] Round 181 CRASHED at 3.57
[Broadcaster] Round 182 Started. Target multiplier: 1.22
[Broadcaster] Round 182 CRASHED at 1.22
[Broadcaster] Round 183 Started. Target multiplier: 8.15
[Broadcaster] Round 183 CRASHED at 8.15
[Broadcaster] Round 184 Started. Target multiplier: 1.72
[Broadcaster] Round 184 CRASHED at 1.72
[Broadcaster] Round 185 Started. Target multiplier: 1.01
[Broadcaster] Round 185 CRASHED at 1.01
[Broadcaster] Round 186 Started. Target multiplier: 5.55
[Broadcaster] Round 186 CRASHED at 5.55
[Broadcaster] Round 187 Started. Target multiplier: 2.21
[Broadcaster] Round 187 CRASHED at 2.21
[Broadcaster] Round 188 Started. Target multiplier: 1.8
[Broadcaster] Round 188 CRASHED at 1.80
[Broadcaster] Round 189 Started. Target multiplier: 1.59
[Broadcaster] Round 189 CRASHED at 1.59
[Broadcaster] Round 190 Started. Target multiplier: 1.67
[Broadcaster] Round 190 CRASHED at 1.67
[Broadcaster] Round 191 Started. Target multiplier: 1.13
[Broadcaster] Round 191 CRASHED at 1.13
[Broadcaster] Round 192 Started. Target multiplier: 1.24
[Broadcaster] Round 192 CRASHED at 1.24
[Broadcaster] Round 193 Started. Target multiplier: 2.73
[Broadcaster] Round 193 CRASHED at 2.73
[Broadcaster] Round 194 Started. Target multiplier: 1.24
[Broadcaster] Round 194 CRASHED at 1.24
[Broadcaster] Round 195 Started. Target multiplier: 1.07
[Broadcaster] Round 195 CRASHED at 1.07
[Broadcaster] Round 196 Started. Target multiplier: 2.7
[Broadcaster] Round 196 CRASHED at 2.70
[Broadcaster] Round 197 Started. Target multiplier: 4.51
[Broadcaster] Round 197 CRASHED at 4.51
[Broadcaster] Round 198 Started. Target multiplier: 1.82
[Broadcaster] Round 198 CRASHED at 1.82
[Broadcaster] Round 199 Started. Target multiplier: 3.08
[Broadcaster] Round 199 CRASHED at 3.08
[Broadcaster] Round 200 Started. Target multiplier: 1.22
[Broadcaster] Round 200 CRASHED at 1.22
[Broadcaster] Round 201 Started. Target multiplier: 3.98
[Broadcaster] Round 201 CRASHED at 3.98
[Broadcaster] Round 202 Started. Target multiplier: 1.21
[Broadcaster] Round 202 CRASHED at 1.21
[Broadcaster] Round 203 Started. Target multiplier: 1.42
[Broadcaster] Round 203 CRASHED at 1.42
[Broadcaster] Round 204 Started. Target multiplier: 1.06
[Broadcaster] Round 204 CRASHED at 1.06
[Broadcaster] Round 205 Started. Target multiplier: 2.96
[Broadcaster] Round 205 CRASHED at 2.96
[Broadcaster] Round 206 Started. Target multiplier: 1.84
[Broadcaster] Round 206 CRASHED at 1.84
[Broadcaster] Round 207 Started. Target multiplier: 1.39
[Broadcaster] Round 207 CRASHED at 1.39
[Broadcaster] Round 208 Started. Target multiplier: 3.41
[Broadcaster] Round 208 CRASHED at 3.41
[Broadcaster] Round 209 Started. Target multiplier: 1.32
[Broadcaster] Round 209 CRASHED at 1.32
[Broadcaster] Round 210 Started. Target multiplier: 3.54
[Broadcaster] Round 210 CRASHED at 3.54
[Broadcaster] Round 211 Started. Target multiplier: 1.35
[Broadcaster] Round 211 CRASHED at 1.35
[Broadcaster] Round 212 Started. Target multiplier: 1.06
[Broadcaster] Round 212 CRASHED at 1.06
[Broadcaster] Round 213 Started. Target multiplier: 12.14
[Broadcaster] Round 213 CRASHED at 12.14
[Broadcaster] Round 214 Started. Target multiplier: 1.94
[Broadcaster] Round 214 CRASHED at 1.94
[Broadcaster] Round 215 Started. Target multiplier: 3.8
[Broadcaster] Round 215 CRASHED at 3.80
[Broadcaster] Round 216 Started. Target multiplier: 1.39
[Broadcaster] Round 216 CRASHED at 1.39
[Broadcaster] Round 217 Started. Target multiplier: 2.08
[Broadcaster] Round 217 CRASHED at 2.08
[Broadcaster] Round 218 Started. Target multiplier: 1.14
[Broadcaster] Round 218 CRASHED at 1.14
[Broadcaster] Round 219 Started. Target multiplier: 1.89
[Broadcaster] Round 219 CRASHED at 1.89
[Broadcaster] Round 220 Started. Target multiplier: 17.64
[Broadcaster] Round 220 CRASHED at 17.64
[Broadcaster] Round 221 Started. Target multiplier: 5.42
[Broadcaster] Round 221 CRASHED at 5.42
[Broadcaster] Round 222 Started. Target multiplier: 1.58
[Broadcaster] Round 222 CRASHED at 1.58
[Broadcaster] Round 223 Started. Target multiplier: 1.21
[Broadcaster] Round 223 CRASHED at 1.21
[Broadcaster] Round 224 Started. Target multiplier: 1.57
[Broadcaster] Round 224 CRASHED at 1.57
[Broadcaster] Round 225 Started. Target multiplier: 2.35
[Broadcaster] Round 225 CRASHED at 2.35
[Broadcaster] Round 226 Started. Target multiplier: 4.2
[Broadcaster] Round 226 CRASHED at 4.20
[Broadcaster] Round 227 Started. Target multiplier: 1
[Broadcaster] Round 227 CRASHED at 1.00
[Broadcaster] Round 228 Started. Target multiplier: 3.64
[Broadcaster] Round 228 CRASHED at 3.64
[Broadcaster] Round 229 Started. Target multiplier: 100.85
[Broadcaster] Round 229 CRASHED at 100.85
[Broadcaster] Round 230 Started. Target multiplier: 1.21
[Broadcaster] Round 230 CRASHED at 1.21
[Broadcaster] Round 231 Started. Target multiplier: 1.88
[Broadcaster] Round 231 CRASHED at 1.88
[Broadcaster] Round 232 Started. Target multiplier: 1.1
[Broadcaster] Round 232 CRASHED at 1.10
[Broadcaster] Round 233 Started. Target multiplier: 1.24
[Broadcaster] Round 233 CRASHED at 1.24
[Broadcaster] Round 234 Started. Target multiplier: 1.92
[Broadcaster] Round 234 CRASHED at 1.92
[Broadcaster] Round 235 Started. Target multiplier: 1.06
[Broadcaster] Round 235 CRASHED at 1.06
[Broadcaster] Round 236 Started. Target multiplier: 1.83
[Broadcaster] Round 236 CRASHED at 1.83
[Broadcaster] Round 237 Started. Target multiplier: 8.33
[Broadcaster] Round 237 CRASHED at 8.33
[Broadcaster] Round 238 Started. Target multiplier: 1.01
[Broadcaster] Round 238 CRASHED at 1.01
[Broadcaster] Round 239 Started. Target multiplier: 1.03
[Broadcaster] Round 239 CRASHED at 1.03
[Broadcaster] Round 240 Started. Target multiplier: 1.03
[Broadcaster] Round 240 CRASHED at 1.03
[Broadcaster] Round 241 Started. Target multiplier: 6.46
[Broadcaster] Round 241 CRASHED at 6.46
[Broadcaster] Round 242 Started. Target multiplier: 2.55
[Broadcaster] Round 242 CRASHED at 2.55
[Broadcaster] Round 243 Started. Target multiplier: 1.96
[Broadcaster] Round 243 CRASHED at 1.96
[Broadcaster] Round 244 Started. Target multiplier: 26.72
[Broadcaster] Round 244 CRASHED at 26.72
[Broadcaster] Round 245 Started. Target multiplier: 1.99
[Broadcaster] Round 245 CRASHED at 1.99
[Broadcaster] Round 246 Started. Target multiplier: 2.13
[Broadcaster] Round 246 CRASHED at 2.13
[Broadcaster] Round 247 Started. Target multiplier: 3.99
[Broadcaster] Round 247 CRASHED at 3.99
[Broadcaster] Round 248 Started. Target multiplier: 2.17
[Broadcaster] Round 248 CRASHED at 2.17
[Broadcaster] Round 249 Started. Target multiplier: 1.47
[Broadcaster] Round 249 CRASHED at 1.47
[Broadcaster] Round 250 Started. Target multiplier: 2.48
[Broadcaster] Round 250 CRASHED at 2.48
[Broadcaster] Round 251 Started. Target multiplier: 1.15
[Broadcaster] Round 251 CRASHED at 1.15
[Broadcaster] Round 252 Started. Target multiplier: 5.3
[Broadcaster] Round 252 CRASHED at 5.30
[Broadcaster] Round 253 Started. Target multiplier: 5.56
[Broadcaster] Round 253 CRASHED at 5.56
[Broadcaster] Round 254 Started. Target multiplier: 1.53
[Broadcaster] Round 254 CRASHED at 1.53
[Broadcaster] Round 255 Started. Target multiplier: 8.03
[Broadcaster] Round 255 CRASHED at 8.03
[Broadcaster] Round 256 Started. Target multiplier: 1.13
[Broadcaster] Round 256 CRASHED at 1.13
[Broadcaster] Round 257 Started. Target multiplier: 1.74
[Broadcaster] Round 257 CRASHED at 1.74
[Broadcaster] Round 258 Started. Target multiplier: 5.02
[Broadcaster] Round 258 CRASHED at 5.02
[Broadcaster] Round 259 Started. Target multiplier: 2.18
[Broadcaster] Round 259 CRASHED at 2.18
[Broadcaster] Round 260 Started. Target multiplier: 1
[Broadcaster] Round 260 CRASHED at 1.00
[Broadcaster] Round 261 Started. Target multiplier: 1.06
[Broadcaster] Round 261 CRASHED at 1.06
[Broadcaster] Round 262 Started. Target multiplier: 76.55
[Broadcaster] Round 262 CRASHED at 76.55
[Broadcaster] Round 263 Started. Target multiplier: 1.29
[Broadcaster] Round 263 CRASHED at 1.29
[Broadcaster] Round 264 Started. Target multiplier: 1
[Broadcaster] Round 264 CRASHED at 1.00
[Broadcaster] Round 265 Started. Target multiplier: 2.23
[Broadcaster] Round 265 CRASHED at 2.23
[Broadcaster] Round 266 Started. Target multiplier: 153.98
[Broadcaster] Round 266 CRASHED at 153.98
[Broadcaster] Round 267 Started. Target multiplier: 5.03
[Broadcaster] Round 267 CRASHED at 5.03
[Broadcaster] Round 268 Started. Target multiplier: 4.43
[Broadcaster] Round 268 CRASHED at 4.43
[Broadcaster] Round 269 Started. Target multiplier: 4.45
[Broadcaster] Round 269 CRASHED at 4.45
[Broadcaster] Round 270 Started. Target multiplier: 2.06
[Broadcaster] Round 270 CRASHED at 2.06
[Broadcaster] Round 271 Started. Target multiplier: 2.65
[Broadcaster] Round 271 CRASHED at 2.65
[Broadcaster] Round 272 Started. Target multiplier: 1.25
[Broadcaster] Round 272 CRASHED at 1.25
[Broadcaster] Round 273 Started. Target multiplier: 1.68
[Broadcaster] Round 273 CRASHED at 1.68
[Broadcaster] Round 274 Started. Target multiplier: 6.61
[Broadcaster] Round 274 CRASHED at 6.61
[Broadcaster] Round 275 Started. Target multiplier: 2.89
[Broadcaster] Round 275 CRASHED at 2.89
[Broadcaster] Round 276 Started. Target multiplier: 7.85
[Broadcaster] Round 276 CRASHED at 7.85
[Broadcaster] Round 277 Started. Target multiplier: 2.8
[Broadcaster] Round 277 CRASHED at 2.80
[Broadcaster] Round 278 Started. Target multiplier: 3.6
[Broadcaster] Round 278 CRASHED at 3.60
[Broadcaster] Round 279 Started. Target multiplier: 1.92
[Broadcaster] Round 279 CRASHED at 1.92
[Broadcaster] Round 280 Started. Target multiplier: 20.67
[Broadcaster] Round 280 CRASHED at 20.67
[Broadcaster] Round 281 Started. Target multiplier: 1
[Broadcaster] Round 281 CRASHED at 1.00
[Broadcaster] Round 282 Started. Target multiplier: 2.69
[Broadcaster] Round 282 CRASHED at 2.69
[Broadcaster] Round 283 Started. Target multiplier: 23.19
[Broadcaster] Round 283 CRASHED at 23.19
[Broadcaster] Round 284 Started. Target multiplier: 1
[Broadcaster] Round 284 CRASHED at 1.00
[Broadcaster] Round 285 Started. Target multiplier: 1.05
[Broadcaster] Round 285 CRASHED at 1.05
[Broadcaster] Round 286 Started. Target multiplier: 1.52
[Broadcaster] Round 286 CRASHED at 1.52
[Broadcaster] Round 287 Started. Target multiplier: 1.2
[Broadcaster] Round 287 CRASHED at 1.20
[Broadcaster] Round 288 Started. Target multiplier: 3.95
[Broadcaster] Round 288 CRASHED at 3.95
[Broadcaster] Round 289 Started. Target multiplier: 16.45
[Broadcaster] Round 289 CRASHED at 16.45
[Broadcaster] Round 290 Started. Target multiplier: 1.1
[Broadcaster] Round 290 CRASHED at 1.10
[Broadcaster] Round 291 Started. Target multiplier: 1.49
[Broadcaster] Round 291 CRASHED at 1.49
[Broadcaster] Round 292 Started. Target multiplier: 1.64
[Broadcaster] Round 292 CRASHED at 1.64
[Broadcaster] Round 293 Started. Target multiplier: 2.7
[Broadcaster] Round 293 CRASHED at 2.70
[Broadcaster] Round 294 Started. Target multiplier: 1
[Broadcaster] Round 294 CRASHED at 1.00
[Broadcaster] Round 295 Started. Target multiplier: 1.24
[Broadcaster] Round 295 CRASHED at 1.24
[Broadcaster] Round 296 Started. Target multiplier: 1.05
[Broadcaster] Round 296 CRASHED at 1.05
[Broadcaster] Round 297 Started. Target multiplier: 12.7
[Broadcaster] Round 297 CRASHED at 12.70
[Broadcaster] Round 298 Started. Target multiplier: 1.79
[Broadcaster] Round 298 CRASHED at 1.79
[Broadcaster] Round 299 Started. Target multiplier: 3.82
[Broadcaster] Round 299 CRASHED at 3.82
[Broadcaster] Round 300 Started. Target multiplier: 1.97
[Broadcaster] Round 300 CRASHED at 1.97
[Broadcaster] Round 301 Started. Target multiplier: 2.56
[Broadcaster] Round 301 CRASHED at 2.56
[Broadcaster] Round 302 Started. Target multiplier: 5.21
[Broadcaster] Round 302 CRASHED at 5.21
[Broadcaster] Round 303 Started. Target multiplier: 1
[Broadcaster] Round 303 CRASHED at 1.00
[Broadcaster] Round 304 Started. Target multiplier: 1.2
[Broadcaster] Round 304 CRASHED at 1.20
[Broadcaster] Round 305 Started. Target multiplier: 1.7
[Broadcaster] Round 305 CRASHED at 1.70
[Broadcaster] Round 306 Started. Target multiplier: 4.71
[Broadcaster] Round 306 CRASHED at 4.71
[Broadcaster] Round 307 Started. Target multiplier: 1.27
[Broadcaster] Round 307 CRASHED at 1.27
[Broadcaster] Round 308 Started. Target multiplier: 1.05
[Broadcaster] Round 308 CRASHED at 1.05
[Broadcaster] Round 309 Started. Target multiplier: 1.3
[Broadcaster] Round 309 CRASHED at 1.30
[Broadcaster] Round 310 Started. Target multiplier: 1.51
[Broadcaster] Round 310 CRASHED at 1.51
[Broadcaster] Round 311 Started. Target multiplier: 1.55
[Broadcaster] Round 311 CRASHED at 1.55
[Broadcaster] Round 312 Started. Target multiplier: 2.71
[Broadcaster] Round 312 CRASHED at 2.71
[Broadcaster] Round 313 Started. Target multiplier: 3.63
[Broadcaster] Round 313 CRASHED at 3.63
[Broadcaster] Round 314 Started. Target multiplier: 1.07
[Broadcaster] Round 314 CRASHED at 1.07
[Broadcaster] Round 315 Started. Target multiplier: 1.3
[Broadcaster] Round 315 CRASHED at 1.30
[Broadcaster] Round 316 Started. Target multiplier: 2.19
[Broadcaster] Round 316 CRASHED at 2.19
[Broadcaster] Round 317 Started. Target multiplier: 1.52
[Broadcaster] Round 317 CRASHED at 1.52
[Broadcaster] Round 318 Started. Target multiplier: 1.69
[Broadcaster] Round 318 CRASHED at 1.69
[Broadcaster] Round 319 Started. Target multiplier: 1.46
[Broadcaster] Round 319 CRASHED at 1.46
[Broadcaster] Round 320 Started. Target multiplier: 1.07
[Broadcaster] Round 320 CRASHED at 1.07
[Broadcaster] Round 321 Started. Target multiplier: 1.26
[Broadcaster] Round 321 CRASHED at 1.26
[Broadcaster] Round 322 Started. Target multiplier: 4.93
[Broadcaster] Round 322 CRASHED at 4.93
[Broadcaster] Round 323 Started. Target multiplier: 1.08
[Broadcaster] Round 323 CRASHED at 1.08
[Broadcaster] Round 324 Started. Target multiplier: 2.31
[Broadcaster] Round 324 CRASHED at 2.31
[Broadcaster] Round 325 Started. Target multiplier: 1.38
[Broadcaster] Round 325 CRASHED at 1.38
[Broadcaster] Round 326 Started. Target multiplier: 2.44
[Broadcaster] Round 326 CRASHED at 2.44
[Broadcaster] Round 327 Started. Target multiplier: 1.12
[Broadcaster] Round 327 CRASHED at 1.12
[Broadcaster] Round 328 Started. Target multiplier: 2.45
[Broadcaster] Round 328 CRASHED at 2.45
[Broadcaster] Round 329 Started. Target multiplier: 1.03
[Broadcaster] Round 329 CRASHED at 1.03
[Broadcaster] Round 330 Started. Target multiplier: 8.62
[Broadcaster] Round 330 CRASHED at 8.62
[Broadcaster] Round 331 Started. Target multiplier: 1.12
[Broadcaster] Round 331 CRASHED at 1.12
[Broadcaster] Round 332 Started. Target multiplier: 1.28
[Broadcaster] Round 332 CRASHED at 1.28
[Broadcaster] Round 333 Started. Target multiplier: 1.59
[Broadcaster] Round 333 CRASHED at 1.59
[Broadcaster] Round 334 Started. Target multiplier: 2.66
[Broadcaster] Round 334 CRASHED at 2.66
[Broadcaster] Round 335 Started. Target multiplier: 3.8
[Broadcaster] Round 335 CRASHED at 3.80
[Broadcaster] Round 336 Started. Target multiplier: 2.49
[Broadcaster] Round 336 CRASHED at 2.49
[Broadcaster] Round 337 Started. Target multiplier: 1.85
[Broadcaster] Round 337 CRASHED at 1.85
[Broadcaster] Round 338 Started. Target multiplier: 4.01
[Broadcaster] Round 338 CRASHED at 4.01
[Broadcaster] Round 339 Started. Target multiplier: 1.91
[Broadcaster] Round 339 CRASHED at 1.91
[Broadcaster] Round 340 Started. Target multiplier: 4.94
[Broadcaster] Round 340 CRASHED at 4.94
[Broadcaster] Round 341 Started. Target multiplier: 1
[Broadcaster] Round 341 CRASHED at 1.00
[Broadcaster] Round 342 Started. Target multiplier: 1.16
[Broadcaster] Round 342 CRASHED at 1.16
[Broadcaster] Round 343 Started. Target multiplier: 61.38
[Broadcaster] Round 343 CRASHED at 61.38
[Broadcaster] Round 344 Started. Target multiplier: 3.21
[Broadcaster] Round 344 CRASHED at 3.21
[Broadcaster] Round 345 Started. Target multiplier: 1.7
[Broadcaster] Round 345 CRASHED at 1.70
[Broadcaster] Round 346 Started. Target multiplier: 2.85
[Broadcaster] Round 346 CRASHED at 2.85
[Broadcaster] Round 347 Started. Target multiplier: 1.6
[Broadcaster] Round 347 CRASHED at 1.60
[Broadcaster] Round 348 Started. Target multiplier: 3.36
[Broadcaster] Round 348 CRASHED at 3.36
[Broadcaster] Round 349 Started. Target multiplier: 1.53
[Broadcaster] Round 349 CRASHED at 1.53
[Broadcaster] Round 350 Started. Target multiplier: 1.09
[Broadcaster] Round 350 CRASHED at 1.09
[Broadcaster] Round 351 Started. Target multiplier: 3.9
[Broadcaster] Round 351 CRASHED at 3.90
[Broadcaster] Round 352 Started. Target multiplier: 9.76
[Broadcaster] Round 352 CRASHED at 9.76
[Broadcaster] Round 353 Started. Target multiplier: 2.22
[Broadcaster] Round 353 CRASHED at 2.22
[Broadcaster] Round 354 Started. Target multiplier: 12.81
[Broadcaster] Round 354 CRASHED at 12.81
[Broadcaster] Round 355 Started. Target multiplier: 6.81
[Broadcaster] Round 355 CRASHED at 6.81
[Broadcaster] Round 356 Started. Target multiplier: 1.1
[Broadcaster] Round 356 CRASHED at 1.10
[Broadcaster] Round 357 Started. Target multiplier: 1.24
[Broadcaster] Round 357 CRASHED at 1.24
[Broadcaster] Round 358 Started. Target multiplier: 12.07
[Broadcaster] Round 358 CRASHED at 12.07
[Broadcaster] Round 359 Started. Target multiplier: 1.64
[Broadcaster] Round 359 CRASHED at 1.64
[Broadcaster] Round 360 Started. Target multiplier: 13.26
[Broadcaster] Round 360 CRASHED at 13.26
[Broadcaster] Round 361 Started. Target multiplier: 1.03
[Broadcaster] Round 361 CRASHED at 1.03
[Broadcaster] Round 362 Started. Target multiplier: 8.4
[Broadcaster] Round 362 CRASHED at 8.40
[Broadcaster] Round 363 Started. Target multiplier: 105.28
[Broadcaster] Round 363 CRASHED at 105.28
[Broadcaster] Round 364 Started. Target multiplier: 1.9
[Broadcaster] Round 364 CRASHED at 1.90
[Broadcaster] Round 365 Started. Target multiplier: 4.92
[Broadcaster] Round 365 CRASHED at 4.92
[Broadcaster] Round 366 Started. Target multiplier: 1.08
[Broadcaster] Round 366 CRASHED at 1.08
[Broadcaster] Round 367 Started. Target multiplier: 3.94
[Broadcaster] Round 367 CRASHED at 3.94
[Broadcaster] Round 368 Started. Target multiplier: 1.39
[Broadcaster] Round 368 CRASHED at 1.39
[Broadcaster] Round 369 Started. Target multiplier: 1.63
[Broadcaster] Round 369 CRASHED at 1.63
[Broadcaster] Round 370 Started. Target multiplier: 1.73
[Broadcaster] Round 370 CRASHED at 1.73
[Broadcaster] Round 371 Started. Target multiplier: 1.28
[Broadcaster] Round 371 CRASHED at 1.28
[Broadcaster] Round 372 Started. Target multiplier: 2.79
[Broadcaster] Round 372 CRASHED at 2.79
[Broadcaster] Round 373 Started. Target multiplier: 1.05
[Broadcaster] Round 373 CRASHED at 1.05
[Broadcaster] Round 374 Started. Target multiplier: 25.15
[Broadcaster] Round 374 CRASHED at 25.15
[Broadcaster] Round 375 Started. Target multiplier: 1.63
[Broadcaster] Round 375 CRASHED at 1.63
[Broadcaster] Round 376 Started. Target multiplier: 3.87
[Broadcaster] Round 376 CRASHED at 3.87
[Broadcaster] Round 377 Started. Target multiplier: 1.4
[Broadcaster] Round 377 CRASHED at 1.40
[Broadcaster] Round 378 Started. Target multiplier: 1.14
[Broadcaster] Round 378 CRASHED at 1.14
[Broadcaster] Round 379 Started. Target multiplier: 1.59
[Broadcaster] Round 379 CRASHED at 1.59
[Broadcaster] Round 380 Started. Target multiplier: 1.41
[Broadcaster] Round 380 CRASHED at 1.41
[Broadcaster] Round 381 Started. Target multiplier: 9.13
[Broadcaster] Round 381 CRASHED at 9.13
[Broadcaster] Round 382 Started. Target multiplier: 4.33
[Broadcaster] Round 382 CRASHED at 4.33
[Broadcaster] Round 383 Started. Target multiplier: 2.79
[Broadcaster] Round 383 CRASHED at 2.79
[Broadcaster] Round 384 Started. Target multiplier: 1.36
[Broadcaster] Round 384 CRASHED at 1.36
[Broadcaster] Round 385 Started. Target multiplier: 2.51
[Broadcaster] Round 385 CRASHED at 2.51
[Broadcaster] Round 386 Started. Target multiplier: 106.06
[Broadcaster] Round 386 CRASHED at 106.06
[Broadcaster] Round 387 Started. Target multiplier: 3.97
[Broadcaster] Round 387 CRASHED at 3.97
[Broadcaster] Round 388 Started. Target multiplier: 1.75
[Broadcaster] Round 388 CRASHED at 1.75
[Broadcaster] Round 389 Started. Target multiplier: 1.09
[Broadcaster] Round 389 CRASHED at 1.09
[Broadcaster] Round 390 Started. Target multiplier: 4.21
[Broadcaster] Round 390 CRASHED at 4.21
[Broadcaster] Round 391 Started. Target multiplier: 2.21
[Broadcaster] Round 391 CRASHED at 2.21
[Broadcaster] Round 392 Started. Target multiplier: 2.19
[Broadcaster] Round 392 CRASHED at 2.19
[Broadcaster] Round 393 Started. Target multiplier: 33.09
[Broadcaster] Round 393 CRASHED at 33.09
[Broadcaster] Round 394 Started. Target multiplier: 1.26
[Broadcaster] Round 394 CRASHED at 1.26
[Broadcaster] Round 395 Started. Target multiplier: 1.02
[Broadcaster] Round 395 CRASHED at 1.02
[Broadcaster] Round 396 Started. Target multiplier: 3.94
[Broadcaster] Round 396 CRASHED at 3.94
[Broadcaster] Round 397 Started. Target multiplier: 1.04
[Broadcaster] Round 397 CRASHED at 1.04
[Broadcaster] Round 398 Started. Target multiplier: 2.28
[Broadcaster] Round 398 CRASHED at 2.28
[Broadcaster] Round 399 Started. Target multiplier: 1.06
[Broadcaster] Round 399 CRASHED at 1.06
[Broadcaster] Round 400 Started. Target multiplier: 1.35
[Broadcaster] Round 400 CRASHED at 1.35
[Broadcaster] Round 401 Started. Target multiplier: 6.29
[Broadcaster] Round 401 CRASHED at 6.29
[Broadcaster] Round 402 Started. Target multiplier: 1.16
[Broadcaster] Round 402 CRASHED at 1.16
[Broadcaster] Round 403 Started. Target multiplier: 1.37
[Broadcaster] Round 403 CRASHED at 1.37
[Broadcaster] Round 404 Started. Target multiplier: 5.22
[Broadcaster] Round 404 CRASHED at 5.22
[Broadcaster] Round 405 Started. Target multiplier: 1.67
[Broadcaster] Round 405 CRASHED at 1.67
[Broadcaster] Round 406 Started. Target multiplier: 1.06
[Broadcaster] Round 406 CRASHED at 1.06
[Broadcaster] Round 407 Started. Target multiplier: 2.28
[Broadcaster] Round 407 CRASHED at 2.28
[Broadcaster] Round 408 Started. Target multiplier: 94.69
[Broadcaster] Round 408 CRASHED at 94.69
[Broadcaster] Round 409 Started. Target multiplier: 1.82
[Broadcaster] Round 409 CRASHED at 1.82
[Broadcaster] Round 410 Started. Target multiplier: 1.43
[Broadcaster] Round 410 CRASHED at 1.43
[Broadcaster] Round 411 Started. Target multiplier: 1.22
[Broadcaster] Round 411 CRASHED at 1.22
[Broadcaster] Round 412 Started. Target multiplier: 2.54
[Broadcaster] Round 412 CRASHED at 2.54
[Broadcaster] Round 413 Started. Target multiplier: 3.19
[Broadcaster] Round 413 CRASHED at 3.19
[Broadcaster] Round 414 Started. Target multiplier: 2.18
[Broadcaster] Round 414 CRASHED at 2.18
[Broadcaster] Round 415 Started. Target multiplier: 1.08
[Broadcaster] Round 415 CRASHED at 1.08
[Broadcaster] Round 416 Started. Target multiplier: 1.09
[Broadcaster] Round 416 CRASHED at 1.09
[Broadcaster] Round 417 Started. Target multiplier: 1.43
[Broadcaster] Round 417 CRASHED at 1.43
[Broadcaster] Round 418 Started. Target multiplier: 4.19
[Broadcaster] Round 418 CRASHED at 4.19
[Broadcaster] Round 419 Started. Target multiplier: 1.06
[Broadcaster] Round 419 CRASHED at 1.06
[Broadcaster] Round 420 Started. Target multiplier: 3.19
[Broadcaster] Round 420 CRASHED at 3.19
[Broadcaster] Round 421 Started. Target multiplier: 1
[Broadcaster] Round 421 CRASHED at 1.00
[Broadcaster] Round 422 Started. Target multiplier: 6.86
[Broadcaster] Round 422 CRASHED at 6.86
[Broadcaster] Round 423 Started. Target multiplier: 2.02
[Broadcaster] Round 423 CRASHED at 2.02
[Broadcaster] Round 424 Started. Target multiplier: 17.03
[Broadcaster] Round 424 CRASHED at 17.03
[Broadcaster] Round 425 Started. Target multiplier: 1.73
[Broadcaster] Round 425 CRASHED at 1.73
[Broadcaster] Round 426 Started. Target multiplier: 2.54
[Broadcaster] Round 426 CRASHED at 2.54
[Broadcaster] Round 427 Started. Target multiplier: 1.58
[Broadcaster] Round 427 CRASHED at 1.58
[Broadcaster] Round 428 Started. Target multiplier: 9.95
[Broadcaster] Round 428 CRASHED at 9.95
[Broadcaster] Round 429 Started. Target multiplier: 1.34
[Broadcaster] Round 429 CRASHED at 1.34
[Broadcaster] Round 430 Started. Target multiplier: 1.03
[Broadcaster] Round 430 CRASHED at 1.03
[Broadcaster] Round 431 Started. Target multiplier: 1.1
[Broadcaster] Round 431 CRASHED at 1.10
[Broadcaster] Round 432 Started. Target multiplier: 1.17
[Broadcaster] Round 432 CRASHED at 1.17
[Broadcaster] Round 433 Started. Target multiplier: 7.11
[Broadcaster] Round 433 CRASHED at 7.11
[Broadcaster] Round 434 Started. Target multiplier: 2.1
[Broadcaster] Round 434 CRASHED at 2.10
[Broadcaster] Round 435 Started. Target multiplier: 1.41
[Broadcaster] Round 435 CRASHED at 1.41
[Broadcaster] Round 436 Started. Target multiplier: 1.01
[Broadcaster] Round 436 CRASHED at 1.01
[Broadcaster] Round 437 Started. Target multiplier: 1.32
[Broadcaster] Round 437 CRASHED at 1.32
[Broadcaster] Round 438 Started. Target multiplier: 11.75
[Broadcaster] Round 438 CRASHED at 11.75
[Broadcaster] Round 439 Started. Target multiplier: 1.14
[Broadcaster] Round 439 CRASHED at 1.14
[Broadcaster] Round 440 Started. Target multiplier: 2.33
[Broadcaster] Round 440 CRASHED at 2.33
[Broadcaster] Round 441 Started. Target multiplier: 1.58
[Broadcaster] Round 441 CRASHED at 1.58
[Broadcaster] Round 442 Started. Target multiplier: 1.03
[Broadcaster] Round 442 CRASHED at 1.03
[Broadcaster] Round 443 Started. Target multiplier: 1.45
[Broadcaster] Round 443 CRASHED at 1.45
[Broadcaster] Round 444 Started. Target multiplier: 5.29
[Broadcaster] Round 444 CRASHED at 5.29
[Broadcaster] Round 445 Started. Target multiplier: 1.07
[Broadcaster] Round 445 CRASHED at 1.07
[Broadcaster] Round 446 Started. Target multiplier: 1.1
[Broadcaster] Round 446 CRASHED at 1.10
[Broadcaster] Round 447 Started. Target multiplier: 8.49
[Broadcaster] Round 447 CRASHED at 8.49
[Broadcaster] Round 448 Started. Target multiplier: 3.19
[Broadcaster] Round 448 CRASHED at 3.19
[Broadcaster] Round 449 Started. Target multiplier: 50.35
[Broadcaster] Round 449 CRASHED at 50.35
[Broadcaster] Round 450 Started. Target multiplier: 8.81
[Broadcaster] Round 450 CRASHED at 8.81
[Broadcaster] Round 451 Started. Target multiplier: 1.06
[Broadcaster] Round 451 CRASHED at 1.06
[Broadcaster] Round 452 Started. Target multiplier: 9.74
[Broadcaster] Round 452 CRASHED at 9.74
[Broadcaster] Round 453 Started. Target multiplier: 2.23
[Broadcaster] Round 453 CRASHED at 2.23
[Broadcaster] Round 454 Started. Target multiplier: 1.71
[Broadcaster] Round 454 CRASHED at 1.71
[Broadcaster] Round 455 Started. Target multiplier: 1.53
[Broadcaster] Round 455 CRASHED at 1.53
[Broadcaster] Round 456 Started. Target multiplier: 1.49
[Broadcaster] Round 456 CRASHED at 1.49
[Broadcaster] Round 457 Started. Target multiplier: 1.15
[Broadcaster] Round 457 CRASHED at 1.15
[Broadcaster] Round 458 Started. Target multiplier: 1
[Broadcaster] Round 458 CRASHED at 1.00
[Broadcaster] Round 459 Started. Target multiplier: 5.63
[Broadcaster] Round 459 CRASHED at 5.63
[Broadcaster] Round 460 Started. Target multiplier: 1.77
[Broadcaster] Round 460 CRASHED at 1.77
[Broadcaster] Round 461 Started. Target multiplier: 1.5
[Broadcaster] Round 461 CRASHED at 1.50
[Broadcaster] Round 462 Started. Target multiplier: 1.84
[Broadcaster] Round 462 CRASHED at 1.84
[Broadcaster] Round 463 Started. Target multiplier: 2.31
[Broadcaster] Round 463 CRASHED at 2.31
[Broadcaster] Round 464 Started. Target multiplier: 1.63
[Broadcaster] Round 464 CRASHED at 1.63
[Broadcaster] Round 465 Started. Target multiplier: 1
[Broadcaster] Round 465 CRASHED at 1.00
[Broadcaster] Round 466 Started. Target multiplier: 1.03
[Broadcaster] Round 466 CRASHED at 1.03
[Broadcaster] Round 467 Started. Target multiplier: 1.3
[Broadcaster] Round 467 CRASHED at 1.30
[Broadcaster] Round 468 Started. Target multiplier: 2.82
[Broadcaster] Round 468 CRASHED at 2.82
[Broadcaster] Round 469 Started. Target multiplier: 2.02
[Broadcaster] Round 469 CRASHED at 2.02
[Broadcaster] Round 470 Started. Target multiplier: 2.68
[Broadcaster] Round 470 CRASHED at 2.68
[Broadcaster] Round 471 Started. Target multiplier: 1.31
[Broadcaster] Round 471 CRASHED at 1.31
[Broadcaster] Round 472 Started. Target multiplier: 1.46
[Broadcaster] Round 472 CRASHED at 1.46
[Broadcaster] Round 473 Started. Target multiplier: 75.37
[Broadcaster] Round 473 CRASHED at 75.37
[Broadcaster] Round 474 Started. Target multiplier: 2.09
[Broadcaster] Round 474 CRASHED at 2.09
[Broadcaster] Round 475 Started. Target multiplier: 21.35
[Broadcaster] Round 475 CRASHED at 21.35
[Broadcaster] Round 476 Started. Target multiplier: 2.44
[Broadcaster] Round 476 CRASHED at 2.44
[Broadcaster] Round 477 Started. Target multiplier: 3.29
[Broadcaster] Round 477 CRASHED at 3.29
[Broadcaster] Round 478 Started. Target multiplier: 1.54
[Broadcaster] Round 478 CRASHED at 1.54
[Broadcaster] Round 479 Started. Target multiplier: 1.86
[Broadcaster] Round 479 CRASHED at 1.86
[Broadcaster] Round 480 Started. Target multiplier: 1.27
[Broadcaster] Round 480 CRASHED at 1.27
[Broadcaster] Round 481 Started. Target multiplier: 3.03
[Broadcaster] Round 481 CRASHED at 3.03
[Broadcaster] Round 482 Started. Target multiplier: 1
[Broadcaster] Round 482 CRASHED at 1.00
[Broadcaster] Round 483 Started. Target multiplier: 1.49
[Broadcaster] Round 483 CRASHED at 1.49
[Broadcaster] Round 484 Started. Target multiplier: 2.01
[Broadcaster] Round 484 CRASHED at 2.01
[Broadcaster] Round 485 Started. Target multiplier: 1.16
[Broadcaster] Round 485 CRASHED at 1.16
[Broadcaster] Round 486 Started. Target multiplier: 1.34
[Broadcaster] Round 486 CRASHED at 1.34
[Broadcaster] Round 487 Started. Target multiplier: 13.45
[Broadcaster] Round 487 CRASHED at 13.45
[Broadcaster] Round 488 Started. Target multiplier: 4.02
[Broadcaster] Round 488 CRASHED at 4.02
[Broadcaster] Round 489 Started. Target multiplier: 2.49
[Broadcaster] Round 489 CRASHED at 2.49
[Broadcaster] Round 490 Started. Target multiplier: 5.1
[Broadcaster] Round 490 CRASHED at 5.10
[Broadcaster] Round 491 Started. Target multiplier: 12.42
[Broadcaster] Round 491 CRASHED at 12.42
[Broadcaster] Round 492 Started. Target multiplier: 1.56
[Broadcaster] Round 492 CRASHED at 1.56
[Broadcaster] Round 493 Started. Target multiplier: 2.92
[Broadcaster] Round 493 CRASHED at 2.92
[Broadcaster] Round 494 Started. Target multiplier: 1.71
[Broadcaster] Round 494 CRASHED at 1.71
[Broadcaster] Round 495 Started. Target multiplier: 2.86
[Broadcaster] Round 495 CRASHED at 2.86
[Broadcaster] Round 496 Started. Target multiplier: 1.34
[Broadcaster] Round 496 CRASHED at 1.34
[Broadcaster] Round 497 Started. Target multiplier: 2.78
[Broadcaster] Round 497 CRASHED at 2.78
[Broadcaster] Round 498 Started. Target multiplier: 1.35
[Broadcaster] Round 498 CRASHED at 1.35
[Broadcaster] Round 499 Started. Target multiplier: 28.77
[Broadcaster] Round 499 CRASHED at 28.77
[Broadcaster] Round 500 Started. Target multiplier: 1.94
[Broadcaster] Round 500 CRASHED at 1.94
[Broadcaster] Round 501 Started. Target multiplier: 1.07
[Broadcaster] Round 501 CRASHED at 1.07
[Broadcaster] Round 502 Started. Target multiplier: 1
[Broadcaster] Round 502 CRASHED at 1.00
[Broadcaster] Round 503 Started. Target multiplier: 3.74
[Broadcaster] Round 503 CRASHED at 3.74
[Broadcaster] Round 504 Started. Target multiplier: 79.28
[Broadcaster] Round 504 CRASHED at 79.28
[Broadcaster] Round 505 Started. Target multiplier: 5.52
[Broadcaster] Round 505 CRASHED at 5.52
[Broadcaster] Round 506 Started. Target multiplier: 2.74
[Broadcaster] Round 506 CRASHED at 2.74
[Broadcaster] Round 507 Started. Target multiplier: 1.12
[Broadcaster] Round 507 CRASHED at 1.12
[Broadcaster] Round 508 Started. Target multiplier: 2.63
[Broadcaster] Round 508 CRASHED at 2.63
[Broadcaster] Round 509 Started. Target multiplier: 1.48
[Broadcaster] Round 509 CRASHED at 1.48
[Broadcaster] Round 510 Started. Target multiplier: 1.03
[Broadcaster] Round 510 CRASHED at 1.03
[Broadcaster] Round 511 Started. Target multiplier: 4.16
[Broadcaster] Round 511 CRASHED at 4.16
[Broadcaster] Round 512 Started. Target multiplier: 79.77
[Broadcaster] Client disconnected: 1djKCSLEJw_rvfIrAAAF
[Broadcaster] New connection: DmK54xK6XFoukxz2AAAH
[Broadcaster] Round 512 CRASHED at 79.77
[Broadcaster] Round 513 Started. Target multiplier: 3.32
[Broadcaster] Round 513 CRASHED at 3.32
[Broadcaster] Round 514 Started. Target multiplier: 14.37
[Broadcaster] Round 514 CRASHED at 14.37
[Broadcaster] Round 515 Started. Target multiplier: 3.38
[Broadcaster] Round 515 CRASHED at 3.38
[Broadcaster] Round 516 Started. Target multiplier: 4.74
[Broadcaster] Round 516 CRASHED at 4.74
[Broadcaster] Round 517 Started. Target multiplier: 3.4
[Broadcaster] Round 517 CRASHED at 3.40
[Broadcaster] Round 518 Started. Target multiplier: 2.04
[Broadcaster] Round 518 CRASHED at 2.04
[Broadcaster] Round 519 Started. Target multiplier: 3.71
[Broadcaster] Round 519 CRASHED at 3.71
[Broadcaster] Round 520 Started. Target multiplier: 3.48
[Broadcaster] Round 520 CRASHED at 3.48
[Broadcaster] Round 521 Started. Target multiplier: 4.82
[Broadcaster] Round 521 CRASHED at 4.82
[Broadcaster] Round 522 Started. Target multiplier: 2.23
[Broadcaster] Round 522 CRASHED at 2.23
[Broadcaster] Round 523 Started. Target multiplier: 4.14
[Broadcaster] Round 523 CRASHED at 4.14
[Broadcaster] Round 524 Started. Target multiplier: 3.73
[Broadcaster] Round 524 CRASHED at 3.73
[Broadcaster] Round 525 Started. Target multiplier: 1.32
[Broadcaster] Round 525 CRASHED at 1.32
[Broadcaster] Round 526 Started. Target multiplier: 1.2
[Broadcaster] Round 526 CRASHED at 1.20
[Broadcaster] Round 527 Started. Target multiplier: 10.69
[Broadcaster] Round 527 CRASHED at 10.69
[Broadcaster] Round 528 Started. Target multiplier: 42.95
[Broadcaster] Round 528 CRASHED at 42.95
[Broadcaster] Round 529 Started. Target multiplier: 2.72
[Broadcaster] Round 529 CRASHED at 2.72
[Broadcaster] Round 530 Started. Target multiplier: 24.53
[Broadcaster] Round 530 CRASHED at 24.53
[Broadcaster] Round 531 Started. Target multiplier: 2.82
[Broadcaster] Round 531 CRASHED at 2.82
[Broadcaster] Round 532 Started. Target multiplier: 1.23
[Broadcaster] Round 532 CRASHED at 1.23
[Broadcaster] Round 533 Started. Target multiplier: 2.82
[Broadcaster] Round 533 CRASHED at 2.82
[Broadcaster] Round 534 Started. Target multiplier: 2.56
[Broadcaster] Round 534 CRASHED at 2.56
[Broadcaster] Round 535 Started. Target multiplier: 1.5
[Broadcaster] Round 535 CRASHED at 1.50
[Broadcaster] Round 536 Started. Target multiplier: 1.92
[Broadcaster] Round 536 CRASHED at 1.92
[Broadcaster] Round 537 Started. Target multiplier: 1.51
[Broadcaster] Round 537 CRASHED at 1.51
[Broadcaster] Round 538 Started. Target multiplier: 1.06
[Broadcaster] Round 538 CRASHED at 1.06
[Broadcaster] Round 539 Started. Target multiplier: 1.79
[Broadcaster] Round 539 CRASHED at 1.79
[Broadcaster] Round 540 Started. Target multiplier: 1.77
[Broadcaster] Round 540 CRASHED at 1.77
[Broadcaster] Round 541 Started. Target multiplier: 1.39
[Broadcaster] Round 541 CRASHED at 1.39
[Broadcaster] Round 542 Started. Target multiplier: 1.4
[Broadcaster] Round 542 CRASHED at 1.40
[Broadcaster] Round 543 Started. Target multiplier: 2.78
[Broadcaster] Round 543 CRASHED at 2.78
[Broadcaster] Round 544 Started. Target multiplier: 1.53
[Broadcaster] Round 544 CRASHED at 1.53
[Broadcaster] Round 545 Started. Target multiplier: 1.13
[Broadcaster] Round 545 CRASHED at 1.13
[Broadcaster] Round 546 Started. Target multiplier: 1.7
[Broadcaster] Round 546 CRASHED at 1.70
[Broadcaster] Round 547 Started. Target multiplier: 1.63
[Broadcaster] Round 547 CRASHED at 1.63
[Broadcaster] Round 548 Started. Target multiplier: 1.68
[Broadcaster] Round 548 CRASHED at 1.68
[Broadcaster] Round 549 Started. Target multiplier: 3.46
[Broadcaster] Round 549 CRASHED at 3.46
[Broadcaster] Round 550 Started. Target multiplier: 1.05
[Broadcaster] Round 550 CRASHED at 1.05
[Broadcaster] Round 551 Started. Target multiplier: 8.78
[Broadcaster] Round 551 CRASHED at 8.78
[Broadcaster] Round 552 Started. Target multiplier: 1.74
[Broadcaster] Round 552 CRASHED at 1.74
[Broadcaster] Round 553 Started. Target multiplier: 4.43
[Broadcaster] Round 553 CRASHED at 4.43
[Broadcaster] Round 554 Started. Target multiplier: 10.14
[Broadcaster] Round 554 CRASHED at 10.14
[Broadcaster] Round 555 Started. Target multiplier: 1.4
[Broadcaster] Round 555 CRASHED at 1.40
[Broadcaster] Round 556 Started. Target multiplier: 34.9
[Broadcaster] Round 556 CRASHED at 34.90
[Broadcaster] Round 557 Started. Target multiplier: 1.68
[Broadcaster] Round 557 CRASHED at 1.68
[Broadcaster] Round 558 Started. Target multiplier: 1.52
[Broadcaster] Round 558 CRASHED at 1.52
[Broadcaster] Round 559 Started. Target multiplier: 1.7
[Broadcaster] Round 559 CRASHED at 1.70
[Broadcaster] Round 560 Started. Target multiplier: 4.56
[Broadcaster] Round 560 CRASHED at 4.56
[Broadcaster] Round 561 Started. Target multiplier: 1.06
[Broadcaster] Round 561 CRASHED at 1.06
[Broadcaster] Round 562 Started. Target multiplier: 3.21
[Broadcaster] Round 562 CRASHED at 3.21
[Broadcaster] Round 563 Started. Target multiplier: 1.15
[Broadcaster] Round 563 CRASHED at 1.15
[Broadcaster] Round 564 Started. Target multiplier: 2.55
[Broadcaster] Round 564 CRASHED at 2.55
[Broadcaster] Round 565 Started. Target multiplier: 5.88
[Broadcaster] Round 565 CRASHED at 5.88
[Broadcaster] Round 566 Started. Target multiplier: 6.31
[Broadcaster] Round 566 CRASHED at 6.31
[Broadcaster] Round 567 Started. Target multiplier: 1.31
[Broadcaster] Round 567 CRASHED at 1.31
[Broadcaster] Round 568 Started. Target multiplier: 2.57
[Broadcaster] Round 568 CRASHED at 2.57
[Broadcaster] Round 569 Started. Target multiplier: 1.16
[Broadcaster] Round 569 CRASHED at 1.16
[Broadcaster] Round 570 Started. Target multiplier: 1.43
[Broadcaster] Round 570 CRASHED at 1.43
[Broadcaster] Round 571 Started. Target multiplier: 2.51
[Broadcaster] Round 571 CRASHED at 2.51
[Broadcaster] Round 572 Started. Target multiplier: 1.59
[Broadcaster] Round 572 CRASHED at 1.59
[Broadcaster] Round 573 Started. Target multiplier: 2.17
[Broadcaster] Round 573 CRASHED at 2.17
[Broadcaster] Round 574 Started. Target multiplier: 4.79
[Broadcaster] Round 574 CRASHED at 4.79
[Broadcaster] Round 575 Started. Target multiplier: 1.11
[Broadcaster] Round 575 CRASHED at 1.11
[Broadcaster] Round 576 Started. Target multiplier: 37.81
[Broadcaster] Round 576 CRASHED at 37.81
[Broadcaster] Round 577 Started. Target multiplier: 3.43
[Broadcaster] Round 577 CRASHED at 3.43
[Broadcaster] Round 578 Started. Target multiplier: 12.88
[Broadcaster] Round 578 CRASHED at 12.88
[Broadcaster] Round 579 Started. Target multiplier: 2.71
[Broadcaster] Round 579 CRASHED at 2.71
[Broadcaster] Round 580 Started. Target multiplier: 1.78
[Broadcaster] Round 580 CRASHED at 1.78
[Broadcaster] Round 581 Started. Target multiplier: 191.47
[Broadcaster] Round 581 CRASHED at 191.47
[Broadcaster] Round 582 Started. Target multiplier: 1.28
[Broadcaster] Round 582 CRASHED at 1.28
[Broadcaster] Round 583 Started. Target multiplier: 1.54
[Broadcaster] Round 583 CRASHED at 1.54
[Broadcaster] Round 584 Started. Target multiplier: 1.37
[Broadcaster] Round 584 CRASHED at 1.37
[Broadcaster] Round 585 Started. Target multiplier: 2.89
[Broadcaster] Client disconnected: DmK54xK6XFoukxz2AAAH
[Broadcaster] Round 585 CRASHED at 2.89
[Broadcaster] Round 586 Started. Target multiplier: 2.36
[Broadcaster] Round 586 CRASHED at 2.36
[Broadcaster] Round 587 Started. Target multiplier: 1.53
[Broadcaster] Round 587 CRASHED at 1.53
[Broadcaster] Round 588 Started. Target multiplier: 5.23
[Broadcaster] Round 588 CRASHED at 5.23
[Broadcaster] Round 589 Started. Target multiplier: 1.91
[Broadcaster] Round 589 CRASHED at 1.91
[Broadcaster] Round 590 Started. Target multiplier: 1.49
[Broadcaster] Round 590 CRASHED at 1.49
[Broadcaster] Round 591 Started. Target multiplier: 2.14
[Broadcaster] Round 591 CRASHED at 2.14
[Broadcaster] Round 592 Started. Target multiplier: 3.43
[Broadcaster] New connection: HuU4sfTQQ5GpHhXbAAAJ
[Broadcaster] Client disconnected: HuU4sfTQQ5GpHhXbAAAJ
[Broadcaster] New connection: Cgdxpc39lmWFPr1NAAAM
[Broadcaster] Round 592 CRASHED at 3.43
[Broadcaster] Round 593 Started. Target multiplier: 1.64
[Broadcaster] Round 593 CRASHED at 1.64
[Broadcaster] Round 594 Started. Target multiplier: 1.13
[Broadcaster] Round 594 CRASHED at 1.13
[Broadcaster] Round 595 Started. Target multiplier: 4.75
[Broadcaster] Round 595 CRASHED at 4.75
[Broadcaster] Round 596 Started. Target multiplier: 8.14
[Broadcaster] Round 596 CRASHED at 8.14
[Broadcaster] Round 597 Started. Target multiplier: 2.15
[Broadcaster] Round 597 CRASHED at 2.15
[Broadcaster] Round 598 Started. Target multiplier: 3.25
[Broadcaster] Round 598 CRASHED at 3.25
[Broadcaster] Round 599 Started. Target multiplier: 1.69
[Broadcaster] Round 599 CRASHED at 1.69
[Broadcaster] Round 600 Started. Target multiplier: 12.48
[Broadcaster] Round 600 CRASHED at 12.48
[Broadcaster] Round 601 Started. Target multiplier: 2.26
[Broadcaster] Round 601 CRASHED at 2.26
[Broadcaster] Round 602 Started. Target multiplier: 8.31
[Broadcaster] Round 602 CRASHED at 8.31
[Broadcaster] Round 603 Started. Target multiplier: 3.17
[Broadcaster] Round 603 CRASHED at 3.17
[Broadcaster] Round 604 Started. Target multiplier: 11.63
[Broadcaster] Round 604 CRASHED at 11.63
[Broadcaster] Round 605 Started. Target multiplier: 1.05
[Broadcaster] Round 605 CRASHED at 1.05
[Broadcaster] Round 606 Started. Target multiplier: 1.24
[Broadcaster] Round 606 CRASHED at 1.24
[Broadcaster] Round 607 Started. Target multiplier: 18.01
[Broadcaster] Round 607 CRASHED at 18.01
[Broadcaster] Round 608 Started. Target multiplier: 10.49
[Broadcaster] Round 608 CRASHED at 10.49
[Broadcaster] Round 609 Started. Target multiplier: 3.2
[Broadcaster] Round 609 CRASHED at 3.20
[Broadcaster] Round 610 Started. Target multiplier: 1.41
[Broadcaster] Round 610 CRASHED at 1.41
[Broadcaster] Round 611 Started. Target multiplier: 1.45
[Broadcaster] Round 611 CRASHED at 1.45
[Broadcaster] Round 612 Started. Target multiplier: 2.16
[Broadcaster] Round 612 CRASHED at 2.16
[Broadcaster] Round 613 Started. Target multiplier: 1.16
[Broadcaster] Round 613 CRASHED at 1.16
[Broadcaster] Round 614 Started. Target multiplier: 1.25
[Broadcaster] Round 614 CRASHED at 1.25
[Broadcaster] Round 615 Started. Target multiplier: 1.83
[Broadcaster] Round 615 CRASHED at 1.83
[Broadcaster] Round 616 Started. Target multiplier: 2.69
[Broadcaster] Round 616 CRASHED at 2.69
[Broadcaster] Round 617 Started. Target multiplier: 3.17
[Broadcaster] Round 617 CRASHED at 3.17
[Broadcaster] Round 618 Started. Target multiplier: 2.29
[Broadcaster] Round 618 CRASHED at 2.29
[Broadcaster] Round 619 Started. Target multiplier: 10.13
[Broadcaster] Round 619 CRASHED at 10.13
[Broadcaster] Round 620 Started. Target multiplier: 1.62
[Broadcaster] Round 620 CRASHED at 1.62
